
=== Sat May 25 15:01:24 2024

Packages were changed.
Update Mode: mergeDefaultDependencies

The following packages were 已添加:
  com.unity.modules.ai@1.0.0
  com.unity.modules.androidjni@1.0.0
  com.unity.modules.animation@1.0.0
  com.unity.modules.assetbundle@1.0.0
  com.unity.modules.audio@1.0.0
  com.unity.modules.cloth@1.0.0
  com.unity.modules.director@1.0.0
  com.unity.modules.imageconversion@1.0.0
  com.unity.modules.imgui@1.0.0
  com.unity.modules.jsonserialize@1.0.0
  com.unity.modules.particlesystem@1.0.0
  com.unity.modules.physics@1.0.0
  com.unity.modules.physics2d@1.0.0
  com.unity.modules.screencapture@1.0.0
  com.unity.modules.terrain@1.0.0
  com.unity.modules.terrainphysics@1.0.0
  com.unity.modules.tilemap@1.0.0
  com.unity.modules.ui@1.0.0
  com.unity.modules.uielements@1.0.0
  com.unity.modules.unityanalytics@1.0.0
  com.unity.modules.unitywebrequest@1.0.0
  com.unity.modules.unitywebrequestassetbundle@1.0.0
  com.unity.modules.unitywebrequestaudio@1.0.0
  com.unity.modules.unitywebrequesttexture@1.0.0
  com.unity.modules.unitywebrequestwww@1.0.0
  com.unity.modules.vehicles@1.0.0
  com.unity.modules.video@1.0.0
  com.unity.modules.vr@1.0.0
  com.unity.modules.wind@1.0.0
  com.unity.modules.xr@1.0.0
The following packages were 已更新:
  com.unity.collab-proxy 从版本 1.15.12 到 2.0.4
  com.unity.feature.2d 从版本 1.0.0 到 2.0.0
  com.unity.ide.rider 从版本 3.0.12 到 3.0.21
  com.unity.ide.visualstudio 从版本 2.0.14 到 2.0.18
  com.unity.test-framework 从版本 1.1.30 到 1.1.33
  com.unity.timeline 从版本 1.6.3 到 1.7.4
  com.unity.visualscripting 从版本 1.7.7 到 1.8.0
